# JRE version: OpenJDK Runtime Environment 18.9 (11.0.13+8) (build 11.0.13+8)
# Java VM: OpenJDK 64-Bit Server VM 18.9 (11.0.13+8, mixed mode, tiered, compressed oops, g1 gc, windows-amd64)
Heap:
 garbage-first heap   total 366592K, used 310896K [0x0000000080000000, 0x0000000100000000)
  region size 1024K, 38 young (38912K), 3 survivors (3072K)
 Metaspace       used 113030K, capacity 120897K, committed 121168K, reserved 1153024K
  class space    used 14317K, capacity 16747K, committed 16768K, reserved 1048576K
GC Heap History (20 events):
Event: 263.379 GC heap before
{Heap before GC invocations=110 (full 0):
 garbage-first heap   total 305152K, used 279053K [0x0000000080000000, 0x0000000100000000)
  region size 1024K, 14 young (14336K), 2 survivors (2048K)
 Metaspace       used 105597K, capacity 113143K, committed 113232K, reserved 1146880K
  class space    used 13358K, capacity 15727K, committed 15744K, reserved 1048576K
}
Event: 263.384 GC heap after
{Heap after GC invocations=111 (full 0):
 garbage-first heap   total 305152K, used 268938K [0x0000000080000000, 0x0000000100000000)
  region size 1024K, 2 young (2048K), 2 survivors (2048K)
 Metaspace       used 105597K, capacity 113143K, committed 113232K, reserved 1146880K
  class space    used 13358K, capacity 15727K, committed 15744K, reserved 1048576K
}
Event: 263.468 GC heap before
{Heap before GC invocations=111 (full 0):
 garbage-first heap   total 305152K, used 280202K [0x0000000080000000, 0x0000000100000000)
  region size 1024K, 14 young (14336K), 2 survivors (2048K)
 Metaspace       used 105597K, capacity 113143K, committed 113232K, reserved 1146880K
  class space    used 13358K, capacity 15727K, committed 15744K, reserved 1048576K
}
Event: 263.472 GC heap after
{Heap after GC invocations=112 (full 0):
 garbage-first heap   total 305152K, used 269635K [0x0000000080000000, 0x0000000100000000)
  region size 1024K, 1 young (1024K), 1 survivors (1024K)
 Metaspace       used 105597K, capacity 113143K, committed 113232K, reserved 1146880K
  class space    used 13358K, capacity 15727K, committed 15744K, reserved 1048576K
}
Event: 263.592 GC heap before
{Heap before GC invocations=112 (full 0):
 garbage-first heap   total 305152K, used 281923K [0x0000000080000000, 0x0000000100000000)
  region size 1024K, 14 young (14336K), 1 survivors (1024K)
 Metaspace       used 105599K, capacity 113143K, committed 113232K, reserved 1146880K
  class space    used 13358K, capacity 15727K, committed 15744K, reserved 1048576K
}
Event: 263.596 GC heap after
{Heap after GC invocations=113 (full 0):
 garbage-first heap   total 305152K, used 270716K [0x0000000080000000, 0x0000000100000000)
  region size 1024K, 2 young (2048K), 2 survivors (2048K)
 Metaspace       used 105599K, capacity 113143K, committed 113232K, reserved 1146880K
  class space    used 13358K, capacity 15727K, committed 15744K, reserved 1048576K
}
Event: 264.897 GC heap before
{Heap before GC invocations=114 (full 0):
 garbage-first heap   total 305152K, used 281980K [0x0000000080000000, 0x0000000100000000)
  region size 1024K, 14 young (14336K), 2 survivors (2048K)
 Metaspace       used 105806K, capacity 113296K, committed 113616K, reserved 1146880K
  class space    used 13390K, capacity 15735K, committed 15872K, reserved 1048576K
}
Event: 264.909 GC heap after
{Heap after GC invocations=115 (full 0):
 garbage-first heap   total 366592K, used 271833K [0x0000000080000000, 0x0000000100000000)
  region size 1024K, 2 young (2048K), 2 survivors (2048K)
 Metaspace       used 105806K, capacity 113296K, committed 113616K, reserved 1146880K
  class space    used 13390K, capacity 15735K, committed 15872K, reserved 1048576K
}
Event: 265.630 GC heap before
{Heap before GC invocations=115 (full 0):
 garbage-first heap   total 366592K, used 287193K [0x0000000080000000, 0x0000000100000000)
  region size 1024K, 17 young (17408K), 2 survivors (2048K)
 Metaspace       used 106437K, capacity 113907K, committed 114128K, reserved 1146880K
  class space    used 13486K, capacity 15832K, committed 15872K, reserved 1048576K
}
Event: 265.645 GC heap after
{Heap after GC invocations=116 (full 0):
 garbage-first heap   total 366592K, used 263766K [0x0000000080000000, 0x0000000100000000)
  region size 1024K, 2 young (2048K), 2 survivors (2048K)
 Metaspace       used 106437K, capacity 113907K, committed 114128K, reserved 1146880K
  class space    used 13486K, capacity 15832K, committed 15872K, reserved 1048576K
}
Event: 266.342 GC heap before
{Heap before GC invocations=116 (full 0):
 garbage-first heap   total 366592K, used 301654K [0x0000000080000000, 0x0000000100000000)
  region size 1024K, 39 young (39936K), 2 survivors (2048K)
 Metaspace       used 109654K, capacity 117107K, committed 117328K, reserved 1150976K
  class space    used 13882K, capacity 16216K, committed 16256K, reserved 1048576K
}
Event: 266.350 GC heap after
{Heap after GC invocations=117 (full 0):
 garbage-first heap   total 366592K, used 265310K [0x0000000080000000, 0x0000000100000000)
  region size 1024K, 4 young (4096K), 4 survivors (4096K)
 Metaspace       used 109654K, capacity 117107K, committed 117328K, reserved 1150976K
  class space    used 13882K, capacity 16216K, committed 16256K, reserved 1048576K
}
Event: 267.376 GC heap before
{Heap before GC invocations=117 (full 0):
 garbage-first heap   total 366592K, used 303198K [0x0000000080000000, 0x0000000100000000)
  region size 1024K, 42 young (43008K), 4 survivors (4096K)
 Metaspace       used 110634K, capacity 118108K, committed 118224K, reserved 1150976K
  class space    used 14001K, capacity 16354K, committed 16384K, reserved 1048576K
}
Event: 267.385 GC heap after
{Heap after GC invocations=118 (full 0):
 garbage-first heap   total 366592K, used 268728K [0x0000000080000000, 0x0000000100000000)
  region size 1024K, 6 young (6144K), 6 survivors (6144K)
 Metaspace       used 110634K, capacity 118108K, committed 118224K, reserved 1150976K
  class space    used 14001K, capacity 16354K, committed 16384K, reserved 1048576K
}
Event: 268.363 GC heap before
{Heap before GC invocations=118 (full 0):
 garbage-first heap   total 366592K, used 306616K [0x0000000080000000, 0x0000000100000000)
  region size 1024K, 44 young (45056K), 6 survivors (6144K)
 Metaspace       used 111125K, capacity 118835K, committed 118864K, reserved 1150976K
  class space    used 14077K, capacity 16495K, committed 16512K, reserved 1048576K
}
Event: 268.373 GC heap after
{Heap after GC invocations=119 (full 0):
 garbage-first heap   total 366592K, used 271461K [0x0000000080000000, 0x0000000100000000)
  region size 1024K, 3 young (3072K), 3 survivors (3072K)
 Metaspace       used 111125K, capacity 118835K, committed 118864K, reserved 1150976K
  class space    used 14077K, capacity 16495K, committed 16512K, reserved 1048576K
}
Event: 270.551 GC heap before
{Heap before GC invocations=119 (full 0):
 garbage-first heap   total 366592K, used 310373K [0x0000000080000000, 0x0000000100000000)
  region size 1024K, 42 young (43008K), 3 survivors (3072K)
 Metaspace       used 111696K, capacity 119410K, committed 119760K, reserved 1153024K
  class space    used 14140K, capacity 16535K, committed 16640K, reserved 1048576K
}
Event: 270.562 GC heap after
{Heap after GC invocations=120 (full 0):
 garbage-first heap   total 366592K, used 274571K [0x0000000080000000, 0x0000000100000000)
  region size 1024K, 6 young (6144K), 6 survivors (6144K)
 Metaspace       used 111696K, capacity 119410K, committed 119760K, reserved 1153024K
  class space    used 14140K, capacity 16535K, committed 16640K, reserved 1048576K
}
Event: 271.943 GC heap before
{Heap before GC invocations=120 (full 0):
 garbage-first heap   total 366592K, used 312459K [0x0000000080000000, 0x0000000100000000)
  region size 1024K, 44 young (45056K), 6 survivors (6144K)
 Metaspace       used 112043K, capacity 119848K, committed 120016K, reserved 1153024K
  class space    used 14187K, capacity 16571K, committed 16640K, reserved 1048576K
}
Event: 271.952 GC heap after
{Heap after GC invocations=121 (full 0):
 garbage-first heap   total 366592K, used 277104K [0x0000000080000000, 0x0000000100000000)
  region size 1024K, 3 young (3072K), 3 survivors (3072K)
 Metaspace       used 112043K, capacity 119848K, committed 120016K, reserved 1153024K
  class space    used 14187K, capacity 16571K, committed 16640K, reserved 1048576K
}

